D:\Study\개인 공부\프로그래밍\C파워 업그레이드\바니바니밤 20122621\Section07\Debug\Section07.pdb
D:\Study\개인 공부\프로그래밍\C파워 업그레이드\바니바니밤 20122621\Section07\Section07\Debug\cl.command.1.tlog
D:\Study\개인 공부\프로그래밍\C파워 업그레이드\바니바니밤 20122621\Section07\Section07\Debug\CL.read.1.tlog
D:\Study\개인 공부\프로그래밍\C파워 업그레이드\바니바니밤 20122621\Section07\Section07\Debug\CL.write.1.tlog
D:\STUDY\개인 공부\프로그래밍\C파워 업그레이드\바니바니밤 20122621\SECTION07\SECTION07\DEBUG\EX25.OBJ
D:\Study\개인 공부\프로그래밍\C파워 업그레이드\바니바니밤 20122621\Section07\Section07\Debug\link.command.1.tlog
D:\Study\개인 공부\프로그래밍\C파워 업그레이드\바니바니밤 20122621\Section07\Section07\Debug\link.read.1.tlog
D:\Study\개인 공부\프로그래밍\C파워 업그레이드\바니바니밤 20122621\Section07\Section07\Debug\link.write.1.tlog
D:\Study\개인 공부\프로그래밍\C파워 업그레이드\바니바니밤 20122621\Section07\Section07\Debug\link-cvtres.read.1.tlog
D:\Study\개인 공부\프로그래밍\C파워 업그레이드\바니바니밤 20122621\Section07\Section07\Debug\link-cvtres.write.1.tlog
D:\Study\개인 공부\프로그래밍\C파워 업그레이드\바니바니밤 20122621\Section07\Section07\Debug\rc.command.1.tlog
D:\Study\개인 공부\프로그래밍\C파워 업그레이드\바니바니밤 20122621\Section07\Section07\Debug\rc.read.1.tlog
D:\Study\개인 공부\프로그래밍\C파워 업그레이드\바니바니밤 20122621\Section07\Section07\Debug\rc.write.1.tlog
D:\Study\개인 공부\프로그래밍\C파워 업그레이드\바니바니밤 20122621\Section07\Section07\Debug\Section07.exe.embed.manifest
D:\STUDY\개인 공부\프로그래밍\C파워 업그레이드\바니바니밤 20122621\SECTION07\SECTION07\DEBUG\SECTION07.EXE.EMBED.MANIFEST.RES
D:\Study\개인 공부\프로그래밍\C파워 업그레이드\바니바니밤 20122621\Section07\Section07\Debug\Section07.exe.intermediate.manifest
D:\Study\개인 공부\프로그래밍\C파워 업그레이드\바니바니밤 20122621\Section07\Section07\Debug\Section07.vcxprojResolveAssemblyReference.cache
D:\Study\개인 공부\프로그래밍\C파워 업그레이드\바니바니밤 20122621\Section07\Section07\Debug\Section07.write.1.tlog
D:\Study\개인 공부\프로그래밍\C파워 업그레이드\바니바니밤 20122621\Section07\Section07\Debug\Section07_manifest.rc
D:\Study\개인 공부\프로그래밍\C파워 업그레이드\바니바니밤 20122621\Section07\Section07\Debug\vc100.idb
D:\STUDY\개인 공부\프로그래밍\C파워 업그레이드\바니바니밤 20122621\SECTION07\SECTION07\DEBUG\VC100.PDB
